17:03:12:819  INFO 42852 --- [main] com.hmall.HMallApplication               : Starting HMallApplication using Java 17.0.6 on larkkkkkkk with PID 42852 (F:\JAVA路线课程资料\微服务\2024springcloud\day02-Docker\资料\hmall\hm-service\target\classes started by larkkkkkkk in F:\JAVA路线课程资料\微服务\2024springcloud\day02-Docker\资料\hmall)
17:03:12:931 DEBUG 42852 --- [main] com.hmall.HMallApplication               : Running with Spring Boot v2.7.12, Spring v5.3.27
17:03:12:932  INFO 42852 --- [main] com.hmall.HMallApplication               : The following 1 profile is active: "dev"
17:03:14:359  INFO 42852 --- [main] .s.d.r.c.RepositoryConfigurationDelegate : Multiple Spring Data modules found, entering strict repository configuration mode
17:03:14:362  INFO 42852 --- [main] .s.d.r.c.RepositoryConfigurationDelegate : Bootstrapping Spring Data Redis repositories in DEFAULT mode.
17:03:14:390  INFO 42852 --- [main] .s.d.r.c.RepositoryConfigurationDelegate : Finished Spring Data repository scanning in 14 ms. Found 0 Redis repository interfaces.
17:03:14:937  INFO 42852 --- [main] o.s.b.w.embedded.tomcat.TomcatWebServer  : Tomcat initialized with port(s): 8087 (http)
17:03:14:946  INFO 42852 --- [main] o.apache.catalina.core.StandardService   : Starting service [Tomcat]
17:03:14:947  INFO 42852 --- [main] org.apache.catalina.core.StandardEngine  : Starting Servlet engine: [Apache Tomcat/9.0.75]
17:03:15:050  INFO 42852 --- [main] o.a.c.c.C.[Tomcat].[localhost].[/]       : Initializing Spring embedded WebApplicationContext
17:03:15:051  INFO 42852 --- [main] w.s.c.ServletWebServerApplicationContext : Root WebApplicationContext: initialization completed in 2071 ms
17:03:16:812  INFO 42852 --- [main] pertySourcedRequestMappingHandlerMapping : Mapped URL path [/v2/api-docs] onto method [springfox.documentation.swagger2.web.Swagger2ControllerWebMvc#getDocumentation(String, HttpServletRequest)]
17:03:17:230  INFO 42852 --- [main] o.s.b.w.embedded.tomcat.TomcatWebServer  : Tomcat started on port(s): 8087 (http) with context path ''
17:03:17:231  INFO 42852 --- [main] d.s.w.p.DocumentationPluginsBootstrapper : Documentation plugins bootstrapped
17:03:17:233  INFO 42852 --- [main] d.s.w.p.DocumentationPluginsBootstrapper : Found 1 custom documentation plugin(s)
17:03:17:263  INFO 42852 --- [main] s.d.s.w.s.ApiListingReferenceScanner     : Scanning for api listing references
17:03:17:409  INFO 42852 --- [main] com.hmall.HMallApplication               : Started HMallApplication in 4.907 seconds (JVM running for 5.584)
17:04:11:632  INFO 50724 --- [main] com.hmall.HMallApplication               : Starting HMallApplication using Java 17.0.6 on larkkkkkkk with PID 50724 (F:\JAVA路线课程资料\微服务\2024springcloud\day02-Docker\资料\hmall\hm-service\target\classes started by larkkkkkkk in F:\JAVA路线课程资料\微服务\2024springcloud\day02-Docker\资料\hmall)
17:04:11:635 DEBUG 50724 --- [main] com.hmall.HMallApplication               : Running with Spring Boot v2.7.12, Spring v5.3.27
17:04:11:636  INFO 50724 --- [main] com.hmall.HMallApplication               : The following 1 profile is active: "dev"
17:04:12:534  INFO 50724 --- [main] .s.d.r.c.RepositoryConfigurationDelegate : Multiple Spring Data modules found, entering strict repository configuration mode
17:04:12:537  INFO 50724 --- [main] .s.d.r.c.RepositoryConfigurationDelegate : Bootstrapping Spring Data Redis repositories in DEFAULT mode.
17:04:12:572  INFO 50724 --- [main] .s.d.r.c.RepositoryConfigurationDelegate : Finished Spring Data repository scanning in 16 ms. Found 0 Redis repository interfaces.
17:04:13:177  INFO 50724 --- [main] o.s.b.w.embedded.tomcat.TomcatWebServer  : Tomcat initialized with port(s): 8087 (http)
17:04:13:189  INFO 50724 --- [main] o.apache.catalina.core.StandardService   : Starting service [Tomcat]
17:04:13:190  INFO 50724 --- [main] org.apache.catalina.core.StandardEngine  : Starting Servlet engine: [Apache Tomcat/9.0.75]
17:04:13:315  INFO 50724 --- [main] o.a.c.c.C.[Tomcat].[localhost].[/]       : Initializing Spring embedded WebApplicationContext
17:04:13:316  INFO 50724 --- [main] w.s.c.ServletWebServerApplicationContext : Root WebApplicationContext: initialization completed in 1626 ms
17:04:14:984  INFO 50724 --- [main] pertySourcedRequestMappingHandlerMapping : Mapped URL path [/v2/api-docs] onto method [springfox.documentation.swagger2.web.Swagger2ControllerWebMvc#getDocumentation(String, HttpServletRequest)]
17:04:15:382  INFO 50724 --- [main] o.s.b.w.embedded.tomcat.TomcatWebServer  : Tomcat started on port(s): 8087 (http) with context path ''
17:04:15:383  INFO 50724 --- [main] d.s.w.p.DocumentationPluginsBootstrapper : Documentation plugins bootstrapped
17:04:15:385  INFO 50724 --- [main] d.s.w.p.DocumentationPluginsBootstrapper : Found 1 custom documentation plugin(s)
17:04:15:414  INFO 50724 --- [main] s.d.s.w.s.ApiListingReferenceScanner     : Scanning for api listing references
17:04:15:621  INFO 50724 --- [main] com.hmall.HMallApplication               : Started HMallApplication in 4.418 seconds (JVM running for 4.838)
17:11:24:459  INFO 68500 --- [main] com.hmall.HMallApplication               : Starting HMallApplication using Java 17.0.6 on larkkkkkkk with PID 68500 (F:\JAVA路线课程资料\微服务\2024springcloud\day02-Docker\资料\hmall\hm-service\target\classes started by larkkkkkkk in F:\JAVA路线课程资料\微服务\2024springcloud\day02-Docker\资料\hmall)
17:11:24:460 DEBUG 68500 --- [main] com.hmall.HMallApplication               : Running with Spring Boot v2.7.12, Spring v5.3.27
17:11:24:460  INFO 68500 --- [main] com.hmall.HMallApplication               : The following 1 profile is active: "dev"
17:11:25:053  INFO 68500 --- [main] .s.d.r.c.RepositoryConfigurationDelegate : Multiple Spring Data modules found, entering strict repository configuration mode
17:11:25:055  INFO 68500 --- [main] .s.d.r.c.RepositoryConfigurationDelegate : Bootstrapping Spring Data Redis repositories in DEFAULT mode.
17:11:25:081  INFO 68500 --- [main] .s.d.r.c.RepositoryConfigurationDelegate : Finished Spring Data repository scanning in 12 ms. Found 0 Redis repository interfaces.
17:11:25:543  INFO 68500 --- [main] o.s.b.w.embedded.tomcat.TomcatWebServer  : Tomcat initialized with port(s): 8087 (http)
17:11:25:550  INFO 68500 --- [main] o.apache.catalina.core.StandardService   : Starting service [Tomcat]
17:11:25:550  INFO 68500 --- [main] org.apache.catalina.core.StandardEngine  : Starting Servlet engine: [Apache Tomcat/9.0.75]
17:11:25:648  INFO 68500 --- [main] o.a.c.c.C.[Tomcat].[localhost].[/]       : Initializing Spring embedded WebApplicationContext
17:11:25:648  INFO 68500 --- [main] w.s.c.ServletWebServerApplicationContext : Root WebApplicationContext: initialization completed in 1150 ms
17:11:26:773  INFO 68500 --- [main] pertySourcedRequestMappingHandlerMapping : Mapped URL path [/v2/api-docs] onto method [springfox.documentation.swagger2.web.Swagger2ControllerWebMvc#getDocumentation(String, HttpServletRequest)]
17:11:27:085  INFO 68500 --- [main] o.s.b.w.embedded.tomcat.TomcatWebServer  : Tomcat started on port(s): 8087 (http) with context path ''
17:11:27:085  INFO 68500 --- [main] d.s.w.p.DocumentationPluginsBootstrapper : Documentation plugins bootstrapped
17:11:27:087  INFO 68500 --- [main] d.s.w.p.DocumentationPluginsBootstrapper : Found 1 custom documentation plugin(s)
17:11:27:118  INFO 68500 --- [main] s.d.s.w.s.ApiListingReferenceScanner     : Scanning for api listing references
17:11:27:280  INFO 68500 --- [main] com.hmall.HMallApplication               : Started HMallApplication in 3.111 seconds (JVM running for 3.515)
17:15:52:430  INFO 24188 --- [main] com.hmall.HMallApplication               : Starting HMallApplication using Java 17.0.6 on larkkkkkkk with PID 24188 (F:\JAVA路线课程资料\微服务\2024springcloud\day02-Docker\资料\hmall\hm-service\target\classes started by larkkkkkkk in F:\JAVA路线课程资料\微服务\2024springcloud\day02-Docker\资料\hmall)
17:15:52:432 DEBUG 24188 --- [main] com.hmall.HMallApplication               : Running with Spring Boot v2.7.12, Spring v5.3.27
17:15:52:432  INFO 24188 --- [main] com.hmall.HMallApplication               : The following 1 profile is active: "dev"
17:15:53:125  INFO 24188 --- [main] .s.d.r.c.RepositoryConfigurationDelegate : Multiple Spring Data modules found, entering strict repository configuration mode
17:15:53:127  INFO 24188 --- [main] .s.d.r.c.RepositoryConfigurationDelegate : Bootstrapping Spring Data Redis repositories in DEFAULT mode.
17:15:53:171  INFO 24188 --- [main] .s.d.r.c.RepositoryConfigurationDelegate : Finished Spring Data repository scanning in 30 ms. Found 0 Redis repository interfaces.
17:15:53:673  INFO 24188 --- [main] o.s.b.w.embedded.tomcat.TomcatWebServer  : Tomcat initialized with port(s): 8087 (http)
17:15:53:681  INFO 24188 --- [main] o.apache.catalina.core.StandardService   : Starting service [Tomcat]
17:15:53:682  INFO 24188 --- [main] org.apache.catalina.core.StandardEngine  : Starting Servlet engine: [Apache Tomcat/9.0.75]
17:15:53:765  INFO 24188 --- [main] o.a.c.c.C.[Tomcat].[localhost].[/]       : Initializing Spring embedded WebApplicationContext
17:15:53:766  INFO 24188 --- [main] w.s.c.ServletWebServerApplicationContext : Root WebApplicationContext: initialization completed in 1291 ms
17:15:55:019  INFO 24188 --- [main] pertySourcedRequestMappingHandlerMapping : Mapped URL path [/v2/api-docs] onto method [springfox.documentation.swagger2.web.Swagger2ControllerWebMvc#getDocumentation(String, HttpServletRequest)]
17:15:55:330  INFO 24188 --- [main] o.s.b.w.embedded.tomcat.TomcatWebServer  : Tomcat started on port(s): 8087 (http) with context path ''
17:15:55:331  INFO 24188 --- [main] d.s.w.p.DocumentationPluginsBootstrapper : Documentation plugins bootstrapped
17:15:55:333  INFO 24188 --- [main] d.s.w.p.DocumentationPluginsBootstrapper : Found 1 custom documentation plugin(s)
17:15:55:359  INFO 24188 --- [main] s.d.s.w.s.ApiListingReferenceScanner     : Scanning for api listing references
17:15:55:533  INFO 24188 --- [main] com.hmall.HMallApplication               : Started HMallApplication in 3.424 seconds (JVM running for 3.862)
17:19:15:404  INFO 54216 --- [main] com.hmall.HMallApplication               : Starting HMallApplication using Java 17.0.6 on larkkkkkkk with PID 54216 (F:\JAVA路线课程资料\微服务\2024springcloud\day02-Docker\资料\hmall\hm-service\target\classes started by larkkkkkkk in F:\JAVA路线课程资料\微服务\2024springcloud\day02-Docker\资料\hmall)
17:19:15:406 DEBUG 54216 --- [main] com.hmall.HMallApplication               : Running with Spring Boot v2.7.12, Spring v5.3.27
17:19:15:406  INFO 54216 --- [main] com.hmall.HMallApplication               : The following 1 profile is active: "dev"
17:19:15:983  INFO 54216 --- [main] .s.d.r.c.RepositoryConfigurationDelegate : Multiple Spring Data modules found, entering strict repository configuration mode
17:19:15:985  INFO 54216 --- [main] .s.d.r.c.RepositoryConfigurationDelegate : Bootstrapping Spring Data Redis repositories in DEFAULT mode.
17:19:16:005  INFO 54216 --- [main] .s.d.r.c.RepositoryConfigurationDelegate : Finished Spring Data repository scanning in 9 ms. Found 0 Redis repository interfaces.
17:19:16:427  INFO 54216 --- [main] o.s.b.w.embedded.tomcat.TomcatWebServer  : Tomcat initialized with port(s): 8087 (http)
17:19:16:434  INFO 54216 --- [main] o.apache.catalina.core.StandardService   : Starting service [Tomcat]
17:19:16:434  INFO 54216 --- [main] org.apache.catalina.core.StandardEngine  : Starting Servlet engine: [Apache Tomcat/9.0.75]
17:19:16:528  INFO 54216 --- [main] o.a.c.c.C.[Tomcat].[localhost].[/]       : Initializing Spring embedded WebApplicationContext
17:19:16:528  INFO 54216 --- [main] w.s.c.ServletWebServerApplicationContext : Root WebApplicationContext: initialization completed in 1083 ms
17:19:17:545  INFO 54216 --- [main] pertySourcedRequestMappingHandlerMapping : Mapped URL path [/v2/api-docs] onto method [springfox.documentation.swagger2.web.Swagger2ControllerWebMvc#getDocumentation(String, HttpServletRequest)]
17:19:17:800  INFO 54216 --- [main] o.s.b.w.embedded.tomcat.TomcatWebServer  : Tomcat started on port(s): 8087 (http) with context path ''
17:19:17:801  INFO 54216 --- [main] d.s.w.p.DocumentationPluginsBootstrapper : Documentation plugins bootstrapped
17:19:17:802  INFO 54216 --- [main] d.s.w.p.DocumentationPluginsBootstrapper : Found 1 custom documentation plugin(s)
17:19:17:825  INFO 54216 --- [main] s.d.s.w.s.ApiListingReferenceScanner     : Scanning for api listing references
17:19:17:953  INFO 54216 --- [main] com.hmall.HMallApplication               : Started HMallApplication in 2.874 seconds (JVM running for 3.287)
17:22:05:680  INFO 59844 --- [main] com.hmall.HMallApplication               : Starting HMallApplication using Java 17.0.6 on larkkkkkkk with PID 59844 (F:\JAVA路线课程资料\微服务\2024springcloud\day02-Docker\资料\hmall\hm-service\target\classes started by larkkkkkkk in F:\JAVA路线课程资料\微服务\2024springcloud\day02-Docker\资料\hmall)
17:22:05:682 DEBUG 59844 --- [main] com.hmall.HMallApplication               : Running with Spring Boot v2.7.12, Spring v5.3.27
17:22:05:682  INFO 59844 --- [main] com.hmall.HMallApplication               : The following 1 profile is active: "dev"
17:22:06:376  INFO 59844 --- [main] .s.d.r.c.RepositoryConfigurationDelegate : Multiple Spring Data modules found, entering strict repository configuration mode
17:22:06:378  INFO 59844 --- [main] .s.d.r.c.RepositoryConfigurationDelegate : Bootstrapping Spring Data Redis repositories in DEFAULT mode.
17:22:06:401  INFO 59844 --- [main] .s.d.r.c.RepositoryConfigurationDelegate : Finished Spring Data repository scanning in 10 ms. Found 0 Redis repository interfaces.
17:22:06:838  INFO 59844 --- [main] o.s.b.w.embedded.tomcat.TomcatWebServer  : Tomcat initialized with port(s): 8087 (http)
17:22:06:844  INFO 59844 --- [main] o.apache.catalina.core.StandardService   : Starting service [Tomcat]
17:22:06:845  INFO 59844 --- [main] org.apache.catalina.core.StandardEngine  : Starting Servlet engine: [Apache Tomcat/9.0.75]
17:22:06:920  INFO 59844 --- [main] o.a.c.c.C.[Tomcat].[localhost].[/]       : Initializing Spring embedded WebApplicationContext
17:22:06:920  INFO 59844 --- [main] w.s.c.ServletWebServerApplicationContext : Root WebApplicationContext: initialization completed in 1202 ms
17:22:08:123  INFO 59844 --- [main] pertySourcedRequestMappingHandlerMapping : Mapped URL path [/v2/api-docs] onto method [springfox.documentation.swagger2.web.Swagger2ControllerWebMvc#getDocumentation(String, HttpServletRequest)]
17:22:08:457  INFO 59844 --- [main] o.s.b.w.embedded.tomcat.TomcatWebServer  : Tomcat started on port(s): 8087 (http) with context path ''
17:22:08:457  INFO 59844 --- [main] d.s.w.p.DocumentationPluginsBootstrapper : Documentation plugins bootstrapped
17:22:08:459  INFO 59844 --- [main] d.s.w.p.DocumentationPluginsBootstrapper : Found 1 custom documentation plugin(s)
17:22:08:486  INFO 59844 --- [main] s.d.s.w.s.ApiListingReferenceScanner     : Scanning for api listing references
17:22:08:624  INFO 59844 --- [main] com.hmall.HMallApplication               : Started HMallApplication in 3.246 seconds (JVM running for 3.629)
17:39:05:289  INFO 53088 --- [main] com.hmall.HMallApplication               : Starting HMallApplication using Java 17.0.6 on larkkkkkkk with PID 53088 (F:\JAVA路线课程资料\微服务\2024springcloud\day02-Docker\资料\hmall\hm-service\target\classes started by larkkkkkkk in F:\JAVA路线课程资料\微服务\2024springcloud\day02-Docker\资料\hmall)
17:39:05:291 DEBUG 53088 --- [main] com.hmall.HMallApplication               : Running with Spring Boot v2.7.12, Spring v5.3.27
17:39:05:291  INFO 53088 --- [main] com.hmall.HMallApplication               : The following 1 profile is active: "dev"
17:39:05:935  INFO 53088 --- [main] .s.d.r.c.RepositoryConfigurationDelegate : Multiple Spring Data modules found, entering strict repository configuration mode
17:39:05:938  INFO 53088 --- [main] .s.d.r.c.RepositoryConfigurationDelegate : Bootstrapping Spring Data Redis repositories in DEFAULT mode.
17:39:05:959  INFO 53088 --- [main] .s.d.r.c.RepositoryConfigurationDelegate : Finished Spring Data repository scanning in 9 ms. Found 0 Redis repository interfaces.
17:39:06:416  INFO 53088 --- [main] o.s.b.w.embedded.tomcat.TomcatWebServer  : Tomcat initialized with port(s): 8087 (http)
17:39:06:422  INFO 53088 --- [main] o.apache.catalina.core.StandardService   : Starting service [Tomcat]
17:39:06:423  INFO 53088 --- [main] org.apache.catalina.core.StandardEngine  : Starting Servlet engine: [Apache Tomcat/9.0.75]
17:39:06:513  INFO 53088 --- [main] o.a.c.c.C.[Tomcat].[localhost].[/]       : Initializing Spring embedded WebApplicationContext
17:39:06:513  INFO 53088 --- [main] w.s.c.ServletWebServerApplicationContext : Root WebApplicationContext: initialization completed in 1180 ms
17:39:08:203  INFO 53088 --- [main] pertySourcedRequestMappingHandlerMapping : Mapped URL path [/v2/api-docs] onto method [springfox.documentation.swagger2.web.Swagger2ControllerWebMvc#getDocumentation(String, HttpServletRequest)]
17:39:08:516  WARN 53088 --- [main] ConfigServletWebServerApplicationContext : Exception encountered during context initialization - cancelling refresh attempt: org.springframework.context.ApplicationContextException: Failed to start bean 'webServerStartStop'; nested exception is org.springframework.boot.web.server.PortInUseException: Port 8087 is already in use
17:39:08:528  INFO 53088 --- [main] o.apache.catalina.core.StandardService   : Stopping service [Tomcat]
17:39:08:538  INFO 53088 --- [main] ConditionEvaluationReportLoggingListener : 

Error starting ApplicationContext. To display the conditions report re-run your application with 'debug' enabled.
17:39:08:549 ERROR 53088 --- [main] o.s.b.d.LoggingFailureAnalysisReporter   : 

***************************
APPLICATION FAILED TO START
***************************

Description:

Web server failed to start. Port 8087 was already in use.

Action:

Identify and stop the process that's listening on port 8087 or configure this application to listen on another port.

